2024-03-17 12:47:58,501 WARNING database DDL Query made to DB:
create table `tabSalary Component` (
			name varchar(140) primary key,
			creation datetime(6),
			modified datetime(6),
			modified_by varchar(140),
			owner varchar(140),
			docstatus int(1) not null default '0',
			idx int(8) not null default '0',
			`salary_component` varchar(140) unique,
`salary_component_abbr` varchar(140),
`type` varchar(140),
`description` text,
`depends_on_payment_days` int(1) not null default 1,
`is_tax_applicable` int(1) not null default 1,
`deduct_full_tax_on_selected_payroll_date` int(1) not null default 0,
`variable_based_on_taxable_salary` int(1) not null default 0,
`is_income_tax_component` int(1) not null default 0,
`exempted_from_income_tax` int(1) not null default 0,
`round_to_the_nearest_integer` int(1) not null default 0,
`statistical_component` int(1) not null default 0,
`do_not_include_in_total` int(1) not null default 0,
`remove_if_zero_valued` int(1) not null default 1,
`disabled` int(1) not null default 0,
`condition` longtext,
`amount` decimal(21,9) not null default 0,
`amount_based_on_formula` int(1) not null default 0,
`formula` longtext,
`is_flexible_benefit` int(1) not null default 0,
`max_benefit_amount` decimal(21,9) not null default 0,
`pay_against_benefit_claim` int(1) not null default 0,
`only_tax_impact` int(1) not null default 0,
`create_separate_payment_entry_against_benefit_claim` int(1) not null default 0,
`_user_tags` text,
`_comments` text,
`_assign` text,
`_liked_by` text,
index `variable_based_on_taxable_salary`(`variable_based_on_taxable_salary`),

			index modified(modified))
			ENGINE=InnoDB
			ROW_FORMAT=DYNAMIC
			CHARACTER SET=utf8mb4
			COLLATE=utf8mb4_unicode_ci
2024-03-17 12:47:58,683 WARNING database DDL Query made to DB:
create table `tabGratuity` (
			name varchar(140) primary key,
			creation datetime(6),
			modified datetime(6),
			modified_by varchar(140),
			owner varchar(140),
			docstatus int(1) not null default '0',
			idx int(8) not null default '0',
			`employee` varchar(140),
`employee_name` varchar(140),
`department` varchar(140),
`designation` varchar(140),
`current_work_experience` int(11) not null default 0,
`posting_date` date,
`gratuity_rule` varchar(140),
`status` varchar(140) default 'Draft',
`company` varchar(140),
`amended_from` varchar(140),
`pay_via_salary_slip` int(1) not null default 1,
`amount` decimal(21,9) not null default 0,
`paid_amount` decimal(21,9) not null default 0,
`payroll_date` date,
`salary_component` varchar(140),
`cost_center` varchar(140),
`mode_of_payment` varchar(140),
`expense_account` varchar(140),
`payable_account` varchar(140),
`_user_tags` text,
`_comments` text,
`_assign` text,
`_liked_by` text,
index `employee`(`employee`),

			index modified(modified))
			ENGINE=InnoDB
			ROW_FORMAT=DYNAMIC
			CHARACTER SET=utf8mb4
			COLLATE=utf8mb4_unicode_ci
2024-03-17 12:47:58,844 WARNING database DDL Query made to DB:
create table `tabEmployee Incentive` (
			name varchar(140) primary key,
			creation datetime(6),
			modified datetime(6),
			modified_by varchar(140),
			owner varchar(140),
			docstatus int(1) not null default '0',
			idx int(8) not null default '0',
			`employee` varchar(140),
`employee_name` varchar(140),
`amended_from` varchar(140),
`company` varchar(140),
`department` varchar(140),
`salary_component` varchar(140),
`currency` varchar(140),
`payroll_date` date,
`incentive_amount` decimal(21,9) not null default 0,
`_user_tags` text,
`_comments` text,
`_assign` text,
`_liked_by` text,

			index modified(modified))
			ENGINE=InnoDB
			ROW_FORMAT=DYNAMIC
			CHARACTER SET=utf8mb4
			COLLATE=utf8mb4_unicode_ci
2024-03-17 12:47:59,032 WARNING database DDL Query made to DB:
create table `tabGratuity Rule Slab` (
			name varchar(140) primary key,
			creation datetime(6),
			modified datetime(6),
			modified_by varchar(140),
			owner varchar(140),
			docstatus int(1) not null default '0',
			idx int(8) not null default '0',
			`from_year` int(11) not null default 0,
`to_year` int(11) not null default 0,
`fraction_of_applicable_earnings` decimal(21,9) not null default 0,
parent varchar(140),
parentfield varchar(140),
parenttype varchar(140),
index parent(parent),

			index modified(modified))
			ENGINE=InnoDB
			ROW_FORMAT=DYNAMIC
			CHARACTER SET=utf8mb4
			COLLATE=utf8mb4_unicode_ci
2024-03-17 12:47:59,144 WARNING database DDL Query made to DB:
create table `tabEmployee Tax Exemption Category` (
			name varchar(140) primary key,
			creation datetime(6),
			modified datetime(6),
			modified_by varchar(140),
			owner varchar(140),
			docstatus int(1) not null default '0',
			idx int(8) not null default '0',
			`max_amount` decimal(21,9) not null default 0,
`is_active` int(1) not null default 1,
`_user_tags` text,
`_comments` text,
`_assign` text,
`_liked_by` text,

			index modified(modified))
			ENGINE=InnoDB
			ROW_FORMAT=DYNAMIC
			CHARACTER SET=utf8mb4
			COLLATE=utf8mb4_unicode_ci
2024-03-17 12:47:59,325 WARNING database DDL Query made to DB:
create table `tabIncome Tax Slab Other Charges` (
			name varchar(140) primary key,
			creation datetime(6),
			modified datetime(6),
			modified_by varchar(140),
			owner varchar(140),
			docstatus int(1) not null default '0',
			idx int(8) not null default '0',
			`description` varchar(140),
`percent` decimal(21,9) not null default 0,
`min_taxable_income` decimal(21,9) not null default 0,
`max_taxable_income` decimal(21,9) not null default 0,
parent varchar(140),
parentfield varchar(140),
parenttype varchar(140),
index parent(parent),

			index modified(modified))
			ENGINE=InnoDB
			ROW_FORMAT=DYNAMIC
			CHARACTER SET=utf8mb4
			COLLATE=utf8mb4_unicode_ci
2024-03-17 12:47:59,472 WARNING database DDL Query made to DB:
create table `tabEmployee Tax Exemption Proof Submission` (
			name varchar(140) primary key,
			creation datetime(6),
			modified datetime(6),
			modified_by varchar(140),
			owner varchar(140),
			docstatus int(1) not null default '0',
			idx int(8) not null default '0',
			`employee` varchar(140),
`employee_name` varchar(140),
`department` varchar(140),
`currency` varchar(140),
`amended_from` varchar(140),
`submission_date` date,
`payroll_period` varchar(140),
`company` varchar(140),
`total_actual_amount` decimal(21,9) not null default 0,
`exemption_amount` decimal(21,9) not null default 0,
`attachments` text,
`_user_tags` text,
`_comments` text,
`_assign` text,
`_liked_by` text,

			index modified(modified))
			ENGINE=InnoDB
			ROW_FORMAT=DYNAMIC
			CHARACTER SET=utf8mb4
			COLLATE=utf8mb4_unicode_ci
2024-03-17 12:47:59,658 WARNING database DDL Query made to DB:
create table `tabPayroll Period Date` (
			name varchar(140) primary key,
			creation datetime(6),
			modified datetime(6),
			modified_by varchar(140),
			owner varchar(140),
			docstatus int(1) not null default '0',
			idx int(8) not null default '0',
			`start_date` date,
`end_date` date,
parent varchar(140),
parentfield varchar(140),
parenttype varchar(140),
index parent(parent),

			index modified(modified))
			ENGINE=InnoDB
			ROW_FORMAT=DYNAMIC
			CHARACTER SET=utf8mb4
			COLLATE=utf8mb4_unicode_ci
2024-03-17 12:47:59,798 WARNING database DDL Query made to DB:
create table `tabRetention Bonus` (
			name varchar(140) primary key,
			creation datetime(6),
			modified datetime(6),
			modified_by varchar(140),
			owner varchar(140),
			docstatus int(1) not null default '0',
			idx int(8) not null default '0',
			`employee` varchar(140),
`employee_name` varchar(140),
`department` varchar(140),
`company` varchar(140),
`date_of_joining` varchar(140),
`salary_component` varchar(140),
`bonus_amount` decimal(21,9) not null default 0,
`bonus_payment_date` date,
`currency` varchar(140),
`amended_from` varchar(140),
`_user_tags` text,
`_comments` text,
`_assign` text,
`_liked_by` text,

			index modified(modified))
			ENGINE=InnoDB
			ROW_FORMAT=DYNAMIC
			CHARACTER SET=utf8mb4
			COLLATE=utf8mb4_unicode_ci
2024-03-17 12:47:59,987 WARNING database DDL Query made to DB:
create table `tabEmployee Tax Exemption Declaration Category` (
			name varchar(140) primary key,
			creation datetime(6),
			modified datetime(6),
			modified_by varchar(140),
			owner varchar(140),
			docstatus int(1) not null default '0',
			idx int(8) not null default '0',
			`exemption_sub_category` varchar(140),
`exemption_category` varchar(140),
`max_amount` decimal(21,9) not null default 0,
`amount` decimal(21,9) not null default 0,
parent varchar(140),
parentfield varchar(140),
parenttype varchar(140),
index parent(parent),

			index modified(modified))
			ENGINE=InnoDB
			ROW_FORMAT=DYNAMIC
			CHARACTER SET=utf8mb4
			COLLATE=utf8mb4_unicode_ci
2024-03-17 12:48:00,116 WARNING database DDL Query made to DB:
create table `tabEmployee Tax Exemption Sub Category` (
			name varchar(140) primary key,
			creation datetime(6),
			modified datetime(6),
			modified_by varchar(140),
			owner varchar(140),
			docstatus int(1) not null default '0',
			idx int(8) not null default '0',
			`exemption_category` varchar(140),
`max_amount` decimal(21,9) not null default 0,
`is_active` int(1) not null default 1,
`_user_tags` text,
`_comments` text,
`_assign` text,
`_liked_by` text,

			index modified(modified))
			ENGINE=InnoDB
			ROW_FORMAT=DYNAMIC
			CHARACTER SET=utf8mb4
			COLLATE=utf8mb4_unicode_ci
2024-03-17 12:48:00,333 WARNING database DDL Query made to DB:
create table `tabEmployee Benefit Claim` (
			name varchar(140) primary key,
			creation datetime(6),
			modified datetime(6),
			modified_by varchar(140),
			owner varchar(140),
			docstatus int(1) not null default '0',
			idx int(8) not null default '0',
			`employee` varchar(140),
`employee_name` varchar(140),
`department` varchar(140),
`claim_date` date,
`currency` varchar(140),
`company` varchar(140),
`amended_from` varchar(140),
`earning_component` varchar(140),
`max_amount_eligible` decimal(21,9) not null default 0,
`pay_against_benefit_claim` int(1) not null default 0,
`claimed_amount` decimal(21,9) not null default 0,
`salary_slip` varchar(140),
`attachments` text,
`_user_tags` text,
`_comments` text,
`_assign` text,
`_liked_by` text,

			index modified(modified))
			ENGINE=InnoDB
			ROW_FORMAT=DYNAMIC
			CHARACTER SET=utf8mb4
			COLLATE=utf8mb4_unicode_ci
2024-03-17 12:48:00,537 WARNING database DDL Query made to DB:
create table `tabSalary Slip Leave` (
			name varchar(140) primary key,
			creation datetime(6),
			modified datetime(6),
			modified_by varchar(140),
			owner varchar(140),
			docstatus int(1) not null default '0',
			idx int(8) not null default '0',
			`leave_type` varchar(140),
`total_allocated_leaves` decimal(21,9) not null default 0,
`expired_leaves` decimal(21,9) not null default 0,
`used_leaves` decimal(21,9) not null default 0,
`pending_leaves` decimal(21,9) not null default 0,
`available_leaves` decimal(21,9) not null default 0,
parent varchar(140),
parentfield varchar(140),
parenttype varchar(140),
index parent(parent),

			index modified(modified))
			ENGINE=InnoDB
			ROW_FORMAT=DYNAMIC
			CHARACTER SET=utf8mb4
			COLLATE=utf8mb4_unicode_ci
2024-03-17 12:48:00,657 WARNING database DDL Query made to DB:
create table `tabTaxable Salary Slab` (
			name varchar(140) primary key,
			creation datetime(6),
			modified datetime(6),
			modified_by varchar(140),
			owner varchar(140),
			docstatus int(1) not null default '0',
			idx int(8) not null default '0',
			`from_amount` decimal(21,9) not null default 0,
`to_amount` decimal(21,9) not null default 0,
`percent_deduction` decimal(21,9) not null default 0,
`condition` longtext,
parent varchar(140),
parentfield varchar(140),
parenttype varchar(140),
index parent(parent),

			index modified(modified))
			ENGINE=InnoDB
			ROW_FORMAT=DYNAMIC
			CHARACTER SET=utf8mb4
			COLLATE=utf8mb4_unicode_ci
2024-03-17 12:48:00,945 WARNING database DDL Query made to DB:
create table `tabGratuity Applicable Component` (
			name varchar(140) primary key,
			creation datetime(6),
			modified datetime(6),
			modified_by varchar(140),
			owner varchar(140),
			docstatus int(1) not null default '0',
			idx int(8) not null default '0',
			`salary_component` varchar(140),
parent varchar(140),
parentfield varchar(140),
parenttype varchar(140),
index parent(parent),

			index modified(modified))
			ENGINE=InnoDB
			ROW_FORMAT=DYNAMIC
			CHARACTER SET=utf8mb4
			COLLATE=utf8mb4_unicode_ci
2024-03-17 12:48:01,059 WARNING database DDL Query made to DB:
create table `tabSalary Component Account` (
			name varchar(140) primary key,
			creation datetime(6),
			modified datetime(6),
			modified_by varchar(140),
			owner varchar(140),
			docstatus int(1) not null default '0',
			idx int(8) not null default '0',
			`company` varchar(140),
`account` varchar(140),
parent varchar(140),
parentfield varchar(140),
parenttype varchar(140),
index parent(parent),

			index modified(modified))
			ENGINE=InnoDB
			ROW_FORMAT=DYNAMIC
			CHARACTER SET=utf8mb4
			COLLATE=utf8mb4_unicode_ci
2024-03-17 12:48:01,213 WARNING database DDL Query made to DB:
create table `tabEmployee Benefit Application` (
			name varchar(140) primary key,
			creation datetime(6),
			modified datetime(6),
			modified_by varchar(140),
			owner varchar(140),
			docstatus int(1) not null default '0',
			idx int(8) not null default '0',
			`employee` varchar(140),
`employee_name` varchar(140),
`department` varchar(140),
`date` date,
`payroll_period` varchar(140),
`company` varchar(140),
`amended_from` varchar(140),
`currency` varchar(140),
`max_benefits` decimal(21,9) not null default 0,
`remaining_benefit` decimal(21,9) not null default 0,
`total_amount` decimal(21,9) not null default 0,
`pro_rata_dispensed_amount` decimal(21,9) not null default 0,
`_user_tags` text,
`_comments` text,
`_assign` text,
`_liked_by` text,

			index modified(modified))
			ENGINE=InnoDB
			ROW_FORMAT=DYNAMIC
			CHARACTER SET=utf8mb4
			COLLATE=utf8mb4_unicode_ci
2024-03-17 12:48:01,612 WARNING database DDL Query made to DB:
create table `tabSalary Slip` (
			name varchar(140) primary key,
			creation datetime(6),
			modified datetime(6),
			modified_by varchar(140),
			owner varchar(140),
			docstatus int(1) not null default '0',
			idx int(8) not null default '0',
			`employee` varchar(140),
`employee_name` varchar(140),
`department` varchar(140),
`designation` varchar(140),
`branch` varchar(140),
`posting_date` date,
`letter_head` varchar(140),
`status` varchar(140),
`company` varchar(140),
`currency` varchar(140),
`exchange_rate` decimal(21,9) not null default 1.0,
`payroll_frequency` varchar(140),
`start_date` date,
`end_date` date,
`salary_structure` varchar(140),
`payroll_entry` varchar(140),
`mode_of_payment` varchar(140),
`salary_slip_based_on_timesheet` int(1) not null default 0,
`deduct_tax_for_unclaimed_employee_benefits` int(1) not null default 0,
`deduct_tax_for_unsubmitted_tax_exemption_proof` int(1) not null default 0,
`total_working_days` decimal(21,9) not null default 0,
`unmarked_days` decimal(21,9) not null default 0,
`leave_without_pay` decimal(21,9) not null default 0,
`absent_days` decimal(21,9) not null default 0,
`payment_days` decimal(21,9) not null default 0,
`total_working_hours` decimal(21,9) not null default 0,
`hour_rate` decimal(21,9) not null default 0,
`base_hour_rate` decimal(21,9) not null default 0,
`gross_pay` decimal(21,9) not null default 0,
`base_gross_pay` decimal(21,9) not null default 0,
`gross_year_to_date` decimal(21,9) not null default 0,
`base_gross_year_to_date` decimal(21,9) not null default 0,
`total_deduction` decimal(21,9) not null default 0,
`base_total_deduction` decimal(21,9) not null default 0,
`net_pay` decimal(21,9) not null default 0,
`base_net_pay` decimal(21,9) not null default 0,
`rounded_total` decimal(21,9) not null default 0,
`base_rounded_total` decimal(21,9) not null default 0,
`year_to_date` decimal(21,9) not null default 0,
`base_year_to_date` decimal(21,9) not null default 0,
`month_to_date` decimal(21,9) not null default 0,
`base_month_to_date` decimal(21,9) not null default 0,
`total_in_words` varchar(240),
`base_total_in_words` varchar(240),
`ctc` decimal(21,9) not null default 0,
`income_from_other_sources` decimal(21,9) not null default 0,
`total_earnings` decimal(21,9) not null default 0,
`non_taxable_earnings` decimal(21,9) not null default 0,
`standard_tax_exemption_amount` decimal(21,9) not null default 0,
`tax_exemption_declaration` decimal(21,9) not null default 0,
`deductions_before_tax_calculation` decimal(21,9) not null default 0,
`annual_taxable_amount` decimal(21,9) not null default 0,
`income_tax_deducted_till_date` decimal(21,9) not null default 0,
`current_month_income_tax` decimal(21,9) not null default 0,
`future_income_tax_deductions` decimal(21,9) not null default 0,
`total_income_tax` decimal(21,9) not null default 0,
`journal_entry` varchar(140),
`amended_from` varchar(140),
`bank_name` varchar(140),
`bank_account_no` varchar(140),
`_user_tags` text,
`_comments` text,
`_assign` text,
`_liked_by` text,
index `employee`(`employee`),
index `start_date`(`start_date`),
index `end_date`(`end_date`),
index `salary_structure`(`salary_structure`),
index `payroll_entry`(`payroll_entry`),

			index modified(modified))
			ENGINE=InnoDB
			ROW_FORMAT=DYNAMIC
			CHARACTER SET=utf8mb4
			COLLATE=utf8mb4_unicode_ci
2024-03-17 12:48:01,758 WARNING database DDL Query made to DB:
ALTER TABLE `tabSalary Slip`
				ADD INDEX `employee_start_date_end_date_index`(employee, start_date, end_date)
2024-03-17 12:48:01,829 WARNING database DDL Query made to DB:
create table `tabEmployee Cost Center` (
			name varchar(140) primary key,
			creation datetime(6),
			modified datetime(6),
			modified_by varchar(140),
			owner varchar(140),
			docstatus int(1) not null default '0',
			idx int(8) not null default '0',
			`cost_center` varchar(140),
`percentage` int(11) not null default 0,
parent varchar(140),
parentfield varchar(140),
parenttype varchar(140),
index parent(parent),

			index modified(modified))
			ENGINE=InnoDB
			ROW_FORMAT=DYNAMIC
			CHARACTER SET=utf8mb4
			COLLATE=utf8mb4_unicode_ci
2024-03-17 12:48:02,000 WARNING database DDL Query made to DB:
create table `tabSalary Structure` (
			name varchar(140) primary key,
			creation datetime(6),
			modified datetime(6),
			modified_by varchar(140),
			owner varchar(140),
			docstatus int(1) not null default '0',
			idx int(8) not null default '0',
			`company` varchar(140),
`letter_head` varchar(140),
`is_active` varchar(140) default 'Yes',
`is_default` varchar(140) default 'No',
`currency` varchar(140),
`amended_from` varchar(140),
`leave_encashment_amount_per_day` decimal(21,9) not null default 0,
`max_benefits` decimal(21,9) not null default 0,
`salary_slip_based_on_timesheet` int(1) not null default 0,
`payroll_frequency` varchar(140) default 'Monthly',
`salary_component` varchar(140),
`hour_rate` decimal(21,9) not null default 0,
`total_earning` decimal(21,9) not null default 0,
`total_deduction` decimal(21,9) not null default 0,
`net_pay` decimal(21,9) not null default 0,
`mode_of_payment` varchar(140),
`payment_account` varchar(140),
`_user_tags` text,
`_comments` text,
`_assign` text,
`_liked_by` text,
index `company`(`company`),
index `currency`(`currency`),
index `salary_slip_based_on_timesheet`(`salary_slip_based_on_timesheet`),
index `payroll_frequency`(`payroll_frequency`),

			index modified(modified))
			ENGINE=InnoDB
			ROW_FORMAT=DYNAMIC
			CHARACTER SET=utf8mb4
			COLLATE=utf8mb4_unicode_ci
2024-03-17 12:48:02,141 WARNING database DDL Query made to DB:
create table `tabEmployee Tax Exemption Proof Submission Detail` (
			name varchar(140) primary key,
			creation datetime(6),
			modified datetime(6),
			modified_by varchar(140),
			owner varchar(140),
			docstatus int(1) not null default '0',
			idx int(8) not null default '0',
			`exemption_sub_category` varchar(140),
`exemption_category` varchar(140),
`max_amount` decimal(21,9) not null default 0,
`type_of_proof` varchar(140),
`amount` decimal(21,9) not null default 0,
parent varchar(140),
parentfield varchar(140),
parenttype varchar(140),
index parent(parent),

			index modified(modified))
			ENGINE=InnoDB
			ROW_FORMAT=DYNAMIC
			CHARACTER SET=utf8mb4
			COLLATE=utf8mb4_unicode_ci
2024-03-17 12:48:02,272 WARNING database DDL Query made to DB:
create table `tabSalary Slip Loan` (
			name varchar(140) primary key,
			creation datetime(6),
			modified datetime(6),
			modified_by varchar(140),
			owner varchar(140),
			docstatus int(1) not null default '0',
			idx int(8) not null default '0',
			`loan` varchar(140),
`loan_product` varchar(140),
`loan_account` varchar(140),
`interest_income_account` varchar(140),
`principal_amount` decimal(21,9) not null default 0,
`interest_amount` decimal(21,9) not null default 0,
`total_payment` decimal(21,9) not null default 0,
`loan_repayment_entry` varchar(140),
parent varchar(140),
parentfield varchar(140),
parenttype varchar(140),
index parent(parent),

			index modified(modified))
			ENGINE=InnoDB
			ROW_FORMAT=DYNAMIC
			CHARACTER SET=utf8mb4
			COLLATE=utf8mb4_unicode_ci
2024-03-17 12:48:02,386 WARNING database DDL Query made to DB:
create table `tabEmployee Benefit Application Detail` (
			name varchar(140) primary key,
			creation datetime(6),
			modified datetime(6),
			modified_by varchar(140),
			owner varchar(140),
			docstatus int(1) not null default '0',
			idx int(8) not null default '0',
			`earning_component` varchar(140),
`pay_against_benefit_claim` int(1) not null default 0,
`max_benefit_amount` decimal(21,9) not null default 0,
`amount` decimal(21,9) not null default 0,
parent varchar(140),
parentfield varchar(140),
parenttype varchar(140),
index parent(parent),

			index modified(modified))
			ENGINE=InnoDB
			ROW_FORMAT=DYNAMIC
			CHARACTER SET=utf8mb4
			COLLATE=utf8mb4_unicode_ci
2024-03-17 12:48:02,508 WARNING database DDL Query made to DB:
create table `tabPayroll Employee Detail` (
			name varchar(140) primary key,
			creation datetime(6),
			modified datetime(6),
			modified_by varchar(140),
			owner varchar(140),
			docstatus int(1) not null default '0',
			idx int(8) not null default '0',
			`employee` varchar(140),
`employee_name` varchar(140),
`department` varchar(140),
`designation` varchar(140),
parent varchar(140),
parentfield varchar(140),
parenttype varchar(140),
index parent(parent),

			index modified(modified))
			ENGINE=InnoDB
			ROW_FORMAT=DYNAMIC
			CHARACTER SET=utf8mb4
			COLLATE=utf8mb4_unicode_ci
2024-03-17 12:48:02,684 WARNING database DDL Query made to DB:
create table `tabSalary Detail` (
			name varchar(140) primary key,
			creation datetime(6),
			modified datetime(6),
			modified_by varchar(140),
			owner varchar(140),
			docstatus int(1) not null default '0',
			idx int(8) not null default '0',
			`salary_component` varchar(140),
`abbr` varchar(140),
`amount` decimal(21,9) not null default 0,
`year_to_date` decimal(21,9) not null default 0,
`additional_salary` varchar(140),
`is_recurring_additional_salary` int(1) not null default 0,
`statistical_component` int(1) not null default 0,
`depends_on_payment_days` int(1) not null default 0,
`exempted_from_income_tax` int(1) not null default 0,
`is_tax_applicable` int(1) not null default 0,
`is_flexible_benefit` int(1) not null default 0,
`variable_based_on_taxable_salary` int(1) not null default 0,
`do_not_include_in_total` int(1) not null default 0,
`deduct_full_tax_on_selected_payroll_date` int(1) not null default 0,
`condition` longtext,
`amount_based_on_formula` int(1) not null default 0,
`formula` longtext,
`default_amount` decimal(21,9) not null default 0,
`additional_amount` decimal(21,9) not null default 0,
`tax_on_flexible_benefit` decimal(21,9) not null default 0,
`tax_on_additional_salary` decimal(21,9) not null default 0,
index `salary_component`(`salary_component`),
index `exempted_from_income_tax`(`exempted_from_income_tax`),
index `is_tax_applicable`(`is_tax_applicable`),
index `variable_based_on_taxable_salary`(`variable_based_on_taxable_salary`),
parent varchar(140),
parentfield varchar(140),
parenttype varchar(140),
index parent(parent),

			index modified(modified))
			ENGINE=InnoDB
			ROW_FORMAT=DYNAMIC
			CHARACTER SET=utf8mb4
			COLLATE=utf8mb4_unicode_ci
2024-03-17 12:48:02,827 WARNING database DDL Query made to DB:
create table `tabGratuity Rule` (
			name varchar(140) primary key,
			creation datetime(6),
			modified datetime(6),
			modified_by varchar(140),
			owner varchar(140),
			docstatus int(1) not null default '0',
			idx int(8) not null default '0',
			`disable` int(1) not null default 0,
`calculate_gratuity_amount_based_on` varchar(140),
`total_working_days_per_year` int(11) not null default 365,
`work_experience_calculation_function` varchar(140) default 'Round off Work Experience',
`minimum_year_for_gratuity` int(11) not null default 0,
`_user_tags` text,
`_comments` text,
`_assign` text,
`_liked_by` text,

			index modified(modified))
			ENGINE=InnoDB
			ROW_FORMAT=DYNAMIC
			CHARACTER SET=utf8mb4
			COLLATE=utf8mb4_unicode_ci
2024-03-17 12:48:05,680 WARNING database DDL Query made to DB:
ALTER TABLE `tabTask` ADD COLUMN `total_expense_claim` decimal(21,9) not null default 0
2024-03-17 12:48:05,686 WARNING database DDL Query made to DB:
ALTER TABLE `tabTask` MODIFY `total_billing_amount` decimal(21,9) not null default 0, MODIFY `actual_time` decimal(21,9) not null default 0, MODIFY `progress` decimal(21,9) not null default 0, MODIFY `total_costing_amount` decimal(21,9) not null default 0, MODIFY `task_weight` decimal(21,9) not null default 0
2024-03-17 12:48:05,748 WARNING database DDL Query made to DB:
ALTER TABLE `tabDepartment` ADD COLUMN `payroll_cost_center` varchar(140), ADD COLUMN `leave_block_list` varchar(140)
2024-03-17 12:48:05,843 WARNING database DDL Query made to DB:
ALTER TABLE `tabCompany` ADD COLUMN `default_expense_claim_payable_account` varchar(140), ADD COLUMN `default_employee_advance_account` varchar(140), ADD COLUMN `default_payroll_payable_account` varchar(140)
2024-03-17 12:48:05,849 WARNING database DDL Query made to DB:
ALTER TABLE `tabCompany` MODIFY `monthly_sales_target` decimal(21,9) not null default 0, MODIFY `total_monthly_sales` decimal(21,9) not null default 0, MODIFY `credit_limit` decimal(21,9) not null default 0
2024-03-17 12:48:05,930 WARNING database DDL Query made to DB:
ALTER TABLE `tabProject` ADD COLUMN `total_expense_claim` decimal(21,9) not null default 0
2024-03-17 12:48:05,936 WARNING database DDL Query made to DB:
ALTER TABLE `tabProject` MODIFY `estimated_costing` decimal(21,9) not null default 0, MODIFY `total_consumed_material_cost` decimal(21,9) not null default 0, MODIFY `total_costing_amount` decimal(21,9) not null default 0, MODIFY `total_billed_amount` decimal(21,9) not null default 0, MODIFY `per_gross_margin` decimal(21,9) not null default 0, MODIFY `total_sales_amount` decimal(21,9) not null default 0, MODIFY `total_billable_amount` decimal(21,9) not null default 0, MODIFY `actual_time` decimal(21,9) not null default 0, MODIFY `percent_complete` decimal(21,9) not null default 0, MODIFY `total_purchase_cost` decimal(21,9) not null default 0, MODIFY `gross_margin` decimal(21,9) not null default 0
2024-03-17 12:48:06,083 WARNING database DDL Query made to DB:
ALTER TABLE `tabEmployee` ADD COLUMN `employment_type` varchar(140), ADD COLUMN `grade` varchar(140), ADD COLUMN `job_applicant` varchar(140), ADD COLUMN `default_shift` varchar(140), ADD COLUMN `expense_approver` varchar(140), ADD COLUMN `leave_approver` varchar(140), ADD COLUMN `shift_request_approver` varchar(140), ADD COLUMN `payroll_cost_center` varchar(140), ADD COLUMN `health_insurance_provider` varchar(140), ADD COLUMN `health_insurance_no` varchar(140)
2024-03-17 12:48:06,089 WARNING database DDL Query made to DB:
ALTER TABLE `tabEmployee` MODIFY `ctc` decimal(21,9) not null default 0
2024-03-17 12:48:06,156 WARNING database DDL Query made to DB:
ALTER TABLE `tabTimesheet` ADD COLUMN `salary_slip` varchar(140)
2024-03-17 12:48:06,162 WARNING database DDL Query made to DB:
ALTER TABLE `tabTimesheet` MODIFY `base_total_costing_amount` decimal(21,9) not null default 0, MODIFY `per_billed` decimal(21,9) not null default 0, MODIFY `total_billed_hours` decimal(21,9) not null default 0, MODIFY `base_total_billed_amount` decimal(21,9) not null default 0, MODIFY `total_billed_amount` decimal(21,9) not null default 0, MODIFY `base_total_billable_amount` decimal(21,9) not null default 0, MODIFY `total_costing_amount` decimal(21,9) not null default 0, MODIFY `total_billable_hours` decimal(21,9) not null default 0
2024-03-17 12:48:06,217 WARNING database DDL Query made to DB:
ALTER TABLE `tabTerms and Conditions` ADD COLUMN `hr` int(1) not null default 1
2024-03-17 12:48:06,269 WARNING database DDL Query made to DB:
ALTER TABLE `tabDesignation` ADD COLUMN `appraisal_template` varchar(140)
2024-03-17 12:54:49,088 WARNING database DDL Query made to DB:
ALTER TABLE `tabEmployee` ADD COLUMN `pan_number` varchar(140), ADD COLUMN `provident_fund_account` varchar(140), ADD COLUMN `ifsc_code` varchar(140), ADD COLUMN `micr_code` varchar(140)
2024-03-17 12:54:49,093 WARNING database DDL Query made to DB:
ALTER TABLE `tabEmployee` MODIFY `ctc` decimal(21,9) not null default 0
2024-03-17 12:54:49,159 WARNING database DDL Query made to DB:
ALTER TABLE `tabEmployee Tax Exemption Declaration` ADD COLUMN `monthly_house_rent` decimal(21,9) not null default 0, ADD COLUMN `rented_in_metro_city` int(1) not null default 0, ADD COLUMN `salary_structure_hra` decimal(21,9) not null default 0, ADD COLUMN `annual_hra_exemption` decimal(21,9) not null default 0, ADD COLUMN `monthly_hra_exemption` decimal(21,9) not null default 0
2024-03-17 12:54:49,164 WARNING database DDL Query made to DB:
ALTER TABLE `tabEmployee Tax Exemption Declaration` MODIFY `total_exemption_amount` decimal(21,9) not null default 0, MODIFY `total_declared_amount` decimal(21,9) not null default 0
2024-03-17 12:54:49,290 WARNING database DDL Query made to DB:
ALTER TABLE `tabCompany` ADD COLUMN `basic_component` varchar(140), ADD COLUMN `hra_component` varchar(140), ADD COLUMN `arrear_component` varchar(140)
2024-03-17 12:54:49,296 WARNING database DDL Query made to DB:
ALTER TABLE `tabCompany` MODIFY `monthly_sales_target` decimal(21,9) not null default 0, MODIFY `credit_limit` decimal(21,9) not null default 0, MODIFY `total_monthly_sales` decimal(21,9) not null default 0
2024-03-17 12:54:49,367 WARNING database DDL Query made to DB:
ALTER TABLE `tabSalary Component` ADD COLUMN `component_type` varchar(140)
2024-03-17 12:54:49,372 WARNING database DDL Query made to DB:
ALTER TABLE `tabSalary Component` MODIFY `max_benefit_amount` decimal(21,9) not null default 0, MODIFY `amount` decimal(21,9) not null default 0
2024-03-17 12:54:49,439 WARNING database DDL Query made to DB:
ALTER TABLE `tabEmployee Tax Exemption Proof Submission` ADD COLUMN `house_rent_payment_amount` decimal(21,9) not null default 0, ADD COLUMN `rented_in_metro_city` int(1) not null default 0, ADD COLUMN `rented_from_date` date, ADD COLUMN `rented_to_date` date, ADD COLUMN `monthly_house_rent` decimal(21,9) not null default 0, ADD COLUMN `monthly_hra_exemption` decimal(21,9) not null default 0, ADD COLUMN `total_eligible_hra_exemption` decimal(21,9) not null default 0
2024-03-17 12:54:49,445 WARNING database DDL Query made to DB:
ALTER TABLE `tabEmployee Tax Exemption Proof Submission` MODIFY `total_actual_amount` decimal(21,9) not null default 0, MODIFY `exemption_amount` decimal(21,9) not null default 0
